

Started GET "/assets/rails.png" for 127.0.0.1 at 2013-04-18 16:59:15 -0700
Connecting to database specified by database.yml
Served asset /rails.png - 304 Not Modified (6ms)


Started GET "/users" for 127.0.0.1 at 2013-04-19 14:14:06 -0700
Processing by UsersController#index as HTML
Completed 500 Internal Server Error in 111ms

ActiveRecord::StatementInvalid (Could not find table 'users'):
  app/controllers/users_controller.rb:5:in `index'


  Rendered /Users/pulkitjaiswal/.rvm/gems/ruby-1.9.3-p385/gems/actionpack-3.2.3/lib/action_dispatch/middleware/templates/rescues/_trace.erb (3.1ms)
  Rendered /Users/pulkitjaiswal/.rvm/gems/ruby-1.9.3-p385/gems/actionpack-3.2.3/lib/action_dispatch/middleware/templates/rescues/_request_and_response.erb (0.9ms)
  Rendered /Users/pulkitjaiswal/.rvm/gems/ruby-1.9.3-p385/gems/actionpack-3.2.3/lib/action_dispatch/middleware/templates/rescues/diagnostics.erb within rescues/layout (19.6ms)


Started GET "/user" for 127.0.0.1 at 2013-04-19 14:14:12 -0700

ActionController::RoutingError (No route matches [GET] "/user"):
  actionpack (3.2.3) lib/action_dispatch/middleware/debug_exceptions.rb:21:in `call'
  actionpack (3.2.3) lib/action_dispatch/middleware/show_exceptions.rb:56:in `call'
  railties (3.2.3) lib/rails/rack/logger.rb:26:in `call_app'
  railties (3.2.3) lib/rails/rack/logger.rb:16:in `call'
  actionpack (3.2.3) lib/action_dispatch/middleware/request_id.rb:22:in `call'
  rack (1.4.5) lib/rack/methodoverride.rb:21:in `call'
  rack (1.4.5) lib/rack/runtime.rb:17:in `call'
  activesupport (3.2.3) lib/active_support/cache/strategy/local_cache.rb:72:in `call'
  rack (1.4.5) lib/rack/lock.rb:15:in `call'
  actionpack (3.2.3) lib/action_dispatch/middleware/static.rb:62:in `call'
  railties (3.2.3) lib/rails/engine.rb:479:in `call'
  railties (3.2.3) lib/rails/application.rb:220:in `call'
  rack (1.4.5) lib/rack/content_length.rb:14:in `call'
  railties (3.2.3) lib/rails/rack/log_tailer.rb:14:in `call'
  rack (1.4.5) lib/rack/handler/webrick.rb:59:in `service'
  /Users/pulkitjaiswal/.rvm/rubies/ruby-1.9.3-p385/lib/ruby/1.9.1/webrick/httpserver.rb:138:in `service'
  /Users/pulkitjaiswal/.rvm/rubies/ruby-1.9.3-p385/lib/ruby/1.9.1/webrick/httpserver.rb:94:in `run'
  /Users/pulkitjaiswal/.rvm/rubies/ruby-1.9.3-p385/lib/ruby/1.9.1/webrick/server.rb:191:in `block in start_thread'


  Rendered /Users/pulkitjaiswal/.rvm/gems/ruby-1.9.3-p385/gems/actionpack-3.2.3/lib/action_dispatch/middleware/templates/rescues/routing_error.erb within rescues/layout (0.9ms)


Started GET "/users" for 127.0.0.1 at 2013-04-19 14:37:55 -0700
Processing by UsersController#index as HTML
Completed 500 Internal Server Error in 1ms

ActiveRecord::StatementInvalid (Could not find table 'users'):
  app/controllers/users_controller.rb:5:in `index'


  Rendered /Users/pulkitjaiswal/.rvm/gems/ruby-1.9.3-p385/gems/actionpack-3.2.3/lib/action_dispatch/middleware/templates/rescues/_trace.erb (2.8ms)
  Rendered /Users/pulkitjaiswal/.rvm/gems/ruby-1.9.3-p385/gems/actionpack-3.2.3/lib/action_dispatch/middleware/templates/rescues/_request_and_response.erb (1.0ms)
  Rendered /Users/pulkitjaiswal/.rvm/gems/ruby-1.9.3-p385/gems/actionpack-3.2.3/lib/action_dispatch/middleware/templates/rescues/diagnostics.erb within rescues/layout (10.2ms)
  [1m[36m (17.7ms)[0m  [1mselect sqlite_version(*)[0m
  [1m[35m (1.2ms)[0m  CREATE TABLE "schema_migrations" ("version" varchar(255) NOT NULL) 
  [1m[36m (14.9ms)[0m  [1mPRAGMA index_list("schema_migrations")[0m
  [1m[35m (1.8ms)[0m  CREATE UNIQUE INDEX "unique_schema_migrations" ON "schema_migrations" ("version")
  [1m[36m (0.1ms)[0m  [1mSELECT "schema_migrations"."version" FROM "schema_migrations" [0m
Migrating to CreateUsers (20130419210520)
  [1m[35m (0.0ms)[0m  begin transaction
  [1m[36m (0.5ms)[0m  [1mCREATE TABLE "users" ("id" INTEGER PRIMARY KEY AUTOINCREMENT NOT NULL, "name" varchar(255), "email" varchar(255), "created_at" datetime NOT NULL, "updated_at" datetime NOT NULL) [0m
  [1m[35m (0.1ms)[0m  INSERT INTO "schema_migrations" ("version") VALUES ('20130419210520')
  [1m[36m (1.3ms)[0m  [1mcommit transaction[0m
  [1m[35m (0.2ms)[0m  select sqlite_version(*)
  [1m[36m (0.1ms)[0m  [1mSELECT "schema_migrations"."version" FROM "schema_migrations" [0m
  [1m[35m (0.0ms)[0m  PRAGMA index_list("users")


Started GET "/users" for 127.0.0.1 at 2013-04-19 14:38:53 -0700
Processing by UsersController#index as HTML
  [1m[36mUser Load (0.1ms)[0m  [1mSELECT "users".* FROM "users" [0m
  Rendered users/index.html.erb within layouts/application (1.4ms)
Compiled scaffolds.css  (88ms)  (pid 63892)
Compiled users.css  (2ms)  (pid 63892)
Compiled application.css  (163ms)  (pid 63892)
Compiled jquery.js  (2ms)  (pid 63892)
Compiled jquery_ujs.js  (0ms)  (pid 63892)
Compiled users.js  (1752ms)  (pid 63892)
Compiled application.js  (2005ms)  (pid 63892)
Completed 200 OK in 2396ms (Views: 2393.4ms | ActiveRecord: 0.6ms)


Started GET "/assets/application.css?body=1" for 127.0.0.1 at 2013-04-19 14:38:56 -0700
Served asset /application.css - 200 OK (36ms)


Started GET "/assets/users.css?body=1" for 127.0.0.1 at 2013-04-19 14:38:56 -0700
Served asset /users.css - 200 OK (6ms)


Started GET "/assets/jquery_ujs.js?body=1" for 127.0.0.1 at 2013-04-19 14:38:56 -0700
Served asset /jquery_ujs.js - 200 OK (6ms)


Started GET "/assets/scaffolds.css?body=1" for 127.0.0.1 at 2013-04-19 14:38:56 -0700
Served asset /scaffolds.css - 200 OK (2ms)


Started GET "/assets/jquery.js?body=1" for 127.0.0.1 at 2013-04-19 14:38:56 -0700
Served asset /jquery.js - 200 OK (4ms)


Started GET "/assets/users.js?body=1" for 127.0.0.1 at 2013-04-19 14:38:56 -0700
Served asset /users.js - 200 OK (3ms)


Started GET "/assets/application.js?body=1" for 127.0.0.1 at 2013-04-19 14:38:56 -0700
Served asset /application.js - 200 OK (40ms)
  [1m[36m (0.1ms)[0m  [1mSELECT "schema_migrations"."version" FROM "schema_migrations" [0m
Migrating to CreateUsers (20130419210520)
Migrating to CreateMicroposts (20130419234424)
  [1m[35m (0.0ms)[0m  select sqlite_version(*)
  [1m[36m (0.0ms)[0m  [1mbegin transaction[0m
  [1m[35m (26.9ms)[0m  CREATE TABLE "microposts" ("id" INTEGER PRIMARY KEY AUTOINCREMENT NOT NULL, "content" varchar(255), "user_id" integer, "created_at" datetime NOT NULL, "updated_at" datetime NOT NULL) 
  [1m[36m (0.2ms)[0m  [1mINSERT INTO "schema_migrations" ("version") VALUES ('20130419234424')[0m
  [1m[35m (1.1ms)[0m  commit transaction
  [1m[36m (0.4ms)[0m  [1mselect sqlite_version(*)[0m
  [1m[35m (0.3ms)[0m  SELECT "schema_migrations"."version" FROM "schema_migrations" 
  [1m[36m (0.0ms)[0m  [1mPRAGMA index_list("microposts")[0m
  [1m[35m (0.0ms)[0m  PRAGMA index_list("users")


Started GET "/microposts" for 127.0.0.1 at 2013-04-19 17:15:23 -0700
Processing by MicropostsController#index as HTML
  [1m[35mMicropost Load (0.2ms)[0m  SELECT "microposts".* FROM "microposts" 
  Rendered microposts/index.html.erb within layouts/application (414.1ms)
Compiled microposts.css  (273ms)  (pid 63892)
Compiled application.css  (860ms)  (pid 63892)
Compiled microposts.js  (3541ms)  (pid 63892)
Compiled application.js  (3667ms)  (pid 63892)
Completed 200 OK in 6785ms (Views: 6464.6ms | ActiveRecord: 1.0ms)


Started GET "/assets/microposts.css?body=1" for 127.0.0.1 at 2013-04-19 17:15:58 -0700
Served asset /microposts.css - 200 OK (12ms)


Started GET "/assets/microposts.js?body=1" for 127.0.0.1 at 2013-04-19 17:15:58 -0700
Served asset /microposts.js - 200 OK (10ms)


Started GET "/assets/application.css?body=1" for 127.0.0.1 at 2013-04-19 17:15:58 -0700
Served asset /application.css - 304 Not Modified (25ms)


Started GET "/assets/users.css?body=1" for 127.0.0.1 at 2013-04-19 17:15:58 -0700
Served asset /users.css - 304 Not Modified (0ms)


Started GET "/assets/jquery_ujs.js?body=1" for 127.0.0.1 at 2013-04-19 17:15:58 -0700
Served asset /jquery_ujs.js - 304 Not Modified (0ms)


Started GET "/assets/scaffolds.css?body=1" for 127.0.0.1 at 2013-04-19 17:15:58 -0700
Served asset /scaffolds.css - 304 Not Modified (0ms)


Started GET "/assets/users.js?body=1" for 127.0.0.1 at 2013-04-19 17:15:58 -0700
Served asset /users.js - 304 Not Modified (0ms)


Started GET "/assets/jquery.js?body=1" for 127.0.0.1 at 2013-04-19 17:15:58 -0700
Served asset /jquery.js - 304 Not Modified (0ms)


Started GET "/assets/application.js?body=1" for 127.0.0.1 at 2013-04-19 17:15:58 -0700
Served asset /application.js - 304 Not Modified (81ms)


Started GET "/microposts/new" for 127.0.0.1 at 2013-04-19 17:16:01 -0700
Processing by MicropostsController#new as HTML
  Rendered microposts/_form.html.erb (1098.9ms)
  Rendered microposts/new.html.erb within layouts/application (1343.2ms)
Completed 200 OK in 1406ms (Views: 1369.8ms | ActiveRecord: 0.0ms)


Started GET "/assets/application.css?body=1" for 127.0.0.1 at 2013-04-19 17:16:02 -0700
Served asset /application.css - 304 Not Modified (0ms)


Started GET "/assets/jquery_ujs.js?body=1" for 127.0.0.1 at 2013-04-19 17:16:03 -0700
Served asset /jquery_ujs.js - 304 Not Modified (0ms)


Started GET "/assets/scaffolds.css?body=1" for 127.0.0.1 at 2013-04-19 17:16:03 -0700
Served asset /scaffolds.css - 304 Not Modified (0ms)


Started GET "/assets/users.css?body=1" for 127.0.0.1 at 2013-04-19 17:16:03 -0700
Served asset /users.css - 304 Not Modified (0ms)


Started GET "/assets/users.js?body=1" for 127.0.0.1 at 2013-04-19 17:16:03 -0700
Served asset /users.js - 304 Not Modified (0ms)


Started GET "/assets/jquery.js?body=1" for 127.0.0.1 at 2013-04-19 17:16:03 -0700
Served asset /jquery.js - 304 Not Modified (0ms)


Started GET "/assets/application.js?body=1" for 127.0.0.1 at 2013-04-19 17:16:03 -0700
Served asset /application.js - 304 Not Modified (0ms)


Started POST "/microposts" for 127.0.0.1 at 2013-04-19 17:16:08 -0700
Processing by MicropostsController#create as HTML
  Parameters: {"utf8"=>"✓", "authenticity_token"=>"Me0eIdzz0OSPQ9DQflgRWVws/MZXaPH0o1pm0Xufp4U=", "micropost"=>{"content"=>"uuiuui", "user_id"=>"1"}, "commit"=>"Create Micropost"}
  [1m[36m (0.2ms)[0m  [1mbegin transaction[0m
  [1m[35m (0.1ms)[0m  rollback transaction
Completed 500 Internal Server Error in 37ms

NoMethodError (undefined method `comtent' for #<Micropost:0x007ff3ff708640>):
  app/controllers/microposts_controller.rb:46:in `block in create'
  app/controllers/microposts_controller.rb:45:in `create'


  Rendered /Users/pulkitjaiswal/.rvm/gems/ruby-1.9.3-p385/gems/actionpack-3.2.3/lib/action_dispatch/middleware/templates/rescues/_trace.erb (4.4ms)
  Rendered /Users/pulkitjaiswal/.rvm/gems/ruby-1.9.3-p385/gems/actionpack-3.2.3/lib/action_dispatch/middleware/templates/rescues/_request_and_response.erb (39.8ms)
  Rendered /Users/pulkitjaiswal/.rvm/gems/ruby-1.9.3-p385/gems/actionpack-3.2.3/lib/action_dispatch/middleware/templates/rescues/diagnostics.erb within rescues/layout (93.4ms)
DEPRECATION WARNING: Passing a block to devise_for is deprecated. Please remove the block from devise_for (only the block, the call to devise_for must still exist) and call devise_scope :user do ... end with the block instead. (called from block in <top (required)> at /home/huynhut/project2/videotalksite/config/routes.rb:5)
DEPRECATION WARNING: Passing a block to devise_for is deprecated. Please remove the block from devise_for (only the block, the call to devise_for must still exist) and call devise_scope :user do ... end with the block instead. (called from block in <top (required)> at /home/huynhut/project2/videotalksite/config/routes.rb:5)


Started GET "/home" for 127.0.0.1 at 2013-04-23 09:42:04 +0700

ActionController::RoutingError (No route matches [GET] "/home"):
  actionpack (3.2.3) lib/action_dispatch/middleware/debug_exceptions.rb:21:in `call'
  actionpack (3.2.3) lib/action_dispatch/middleware/show_exceptions.rb:56:in `call'
  railties (3.2.3) lib/rails/rack/logger.rb:26:in `call_app'
  railties (3.2.3) lib/rails/rack/logger.rb:16:in `call'
  actionpack (3.2.3) lib/action_dispatch/middleware/request_id.rb:22:in `call'
  rack (1.4.5) lib/rack/methodoverride.rb:21:in `call'
  rack (1.4.5) lib/rack/runtime.rb:17:in `call'
  activesupport (3.2.3) lib/active_support/cache/strategy/local_cache.rb:72:in `call'
  rack (1.4.5) lib/rack/lock.rb:15:in `call'
  actionpack (3.2.3) lib/action_dispatch/middleware/static.rb:62:in `call'
  railties (3.2.3) lib/rails/engine.rb:479:in `call'
  railties (3.2.3) lib/rails/application.rb:220:in `call'
  rack (1.4.5) lib/rack/content_length.rb:14:in `call'
  railties (3.2.3) lib/rails/rack/log_tailer.rb:14:in `call'
  rack (1.4.5) lib/rack/handler/webrick.rb:59:in `service'
  /home/huynhut/.rvm/rubies/ruby-1.9.3-p194/lib/ruby/1.9.1/webrick/httpserver.rb:138:in `service'
  /home/huynhut/.rvm/rubies/ruby-1.9.3-p194/lib/ruby/1.9.1/webrick/httpserver.rb:94:in `run'
  /home/huynhut/.rvm/rubies/ruby-1.9.3-p194/lib/ruby/1.9.1/webrick/server.rb:191:in `block in start_thread'


  Rendered /home/huynhut/.rvm/gems/ruby-1.9.3-p194/gems/actionpack-3.2.3/lib/action_dispatch/middleware/templates/rescues/routing_error.erb within rescues/layout (6.4ms)
DEPRECATION WARNING: Passing a block to devise_for is deprecated. Please remove the block from devise_for (only the block, the call to devise_for must still exist) and call devise_scope :user do ... end with the block instead. (called from block in <top (required)> at /home/huynhut/project2/videotalksite/config/routes.rb:5)
DEPRECATION WARNING: Passing a block to devise_for is deprecated. Please remove the block from devise_for (only the block, the call to devise_for must still exist) and call devise_scope :user do ... end with the block instead. (called from block in <top (required)> at /home/huynhut/project2/videotalksite/config/routes.rb:5)
DEPRECATION WARNING: Passing a block to devise_for is deprecated. Please remove the block from devise_for (only the block, the call to devise_for must still exist) and call devise_scope :user do ... end with the block instead. (called from block in <top (required)> at /home/huynhut/project2/videotalksite/config/routes.rb:5)
DEPRECATION WARNING: Passing a block to devise_for is deprecated. Please remove the block from devise_for (only the block, the call to devise_for must still exist) and call devise_scope :user do ... end with the block instead. (called from block in <top (required)> at /home/huynhut/project2/videotalksite/config/routes.rb:5)
DEPRECATION WARNING: Passing a block to devise_for is deprecated. Please remove the block from devise_for (only the block, the call to devise_for must still exist) and call devise_scope :user do ... end with the block instead. (called from block in <top (required)> at /home/huynhut/project2/videotalksite/config/routes.rb:5)
DEPRECATION WARNING: Passing a block to devise_for is deprecated. Please remove the block from devise_for (only the block, the call to devise_for must still exist) and call devise_scope :user do ... end with the block instead. (called from block in <top (required)> at /home/huynhut/project2/videotalksite/config/routes.rb:5)
DEPRECATION WARNING: Passing a block to devise_for is deprecated. Please remove the block from devise_for (only the block, the call to devise_for must still exist) and call devise_scope :user do ... end with the block instead. (called from block in <top (required)> at /home/huynhut/project2/videotalksite/config/routes.rb:5)
DEPRECATION WARNING: Passing a block to devise_for is deprecated. Please remove the block from devise_for (only the block, the call to devise_for must still exist) and call devise_scope :user do ... end with the block instead. (called from block in <top (required)> at /home/huynhut/project2/videotalksite/config/routes.rb:5)


Started GET "/" for 127.0.0.1 at 2013-04-23 09:48:22 +0700
Processing by HomeController#index as HTML
  Rendered home/index.html.erb within layouts/application (4.1ms)
Compiled active_admin.css  (1711ms)  (pid 22836)
Compiled bootstrap-responsive.css  (0ms)  (pid 22836)
Compiled bootstrap.css  (43ms)  (pid 22836)
Compiled microposts.css  (1ms)  (pid 22836)
Compiled scaffolds.css  (9ms)  (pid 22836)
Compiled users.css  (0ms)  (pid 22836)
Compiled application.css  (1799ms)  (pid 22836)
Compiled jquery.js  (1ms)  (pid 22836)
Compiled jquery_ujs.js  (0ms)  (pid 22836)
Compiled jquery-ui.js  (4ms)  (pid 22836)
Compiled active_admin/lib/namespace.js  (153ms)  (pid 22836)
Compiled active_admin/components/jquery.aa.checkbox-toggler.js  (148ms)  (pid 22836)
Compiled active_admin/components/jquery.aa.dropdown-menu.js  (199ms)  (pid 22836)
Compiled active_admin/components/jquery.aa.popover.js  (154ms)  (pid 22836)
Compiled active_admin/components/jquery.aa.table-checkbox-toggler.js  (141ms)  (pid 22836)
Compiled active_admin/pages/application.js  (127ms)  (pid 22836)
Compiled active_admin/pages/batch_actions.js  (131ms)  (pid 22836)
Compiled active_admin/application.js  (1147ms)  (pid 22836)
Compiled active_admin/base.js  (1167ms)  (pid 22836)
Compiled active_admin.js  (1175ms)  (pid 22836)
Compiled microposts.js  (106ms)  (pid 22836)
Compiled users.js  (109ms)  (pid 22836)
Compiled application.js  (1501ms)  (pid 22836)
Completed 200 OK in 3468ms (Views: 3467.9ms | ActiveRecord: 0.0ms)


Started GET "/assets/application.css?body=1" for 127.0.0.1 at 2013-04-23 09:48:26 +0700
Served asset /application.css - 304 Not Modified (73ms)


Started GET "/assets/active_admin.css?body=1" for 127.0.0.1 at 2013-04-23 09:48:26 +0700
Served asset /active_admin.css - 200 OK (17ms)


Started GET "/assets/bootstrap-responsive.css?body=1" for 127.0.0.1 at 2013-04-23 09:48:26 +0700
Served asset /bootstrap-responsive.css - 304 Not Modified (1ms)


Started GET "/assets/bootstrap.css?body=1" for 127.0.0.1 at 2013-04-23 09:48:26 +0700
Served asset /bootstrap.css - 304 Not Modified (6ms)


Started GET "/assets/microposts.css?body=1" for 127.0.0.1 at 2013-04-23 09:48:26 +0700
Served asset /microposts.css - 304 Not Modified (2ms)


Started GET "/assets/scaffolds.css?body=1" for 127.0.0.1 at 2013-04-23 09:48:26 +0700
Served asset /scaffolds.css - 304 Not Modified (1ms)


Started GET "/assets/users.css?body=1" for 127.0.0.1 at 2013-04-23 09:48:26 +0700
Served asset /users.css - 304 Not Modified (1ms)


Started GET "/assets/jquery.js?body=1" for 127.0.0.1 at 2013-04-23 09:48:26 +0700
Served asset /jquery.js - 304 Not Modified (9ms)


Started GET "/assets/jquery_ujs.js?body=1" for 127.0.0.1 at 2013-04-23 09:48:26 +0700
Served asset /jquery_ujs.js - 304 Not Modified (2ms)


Started GET "/assets/active_admin/lib/namespace.js?body=1" for 127.0.0.1 at 2013-04-23 09:48:26 +0700
Served asset /active_admin/lib/namespace.js - 304 Not Modified (6ms)


Started GET "/assets/jquery-ui.js?body=1" for 127.0.0.1 at 2013-04-23 09:48:26 +0700
Served asset /jquery-ui.js - 304 Not Modified (50ms)


Started GET "/assets/active_admin/components/jquery.aa.checkbox-toggler.js?body=1" for 127.0.0.1 at 2013-04-23 09:48:26 +0700
Served asset /active_admin/components/jquery.aa.checkbox-toggler.js - 304 Not Modified (3ms)


Started GET "/assets/active_admin/components/jquery.aa.dropdown-menu.js?body=1" for 127.0.0.1 at 2013-04-23 09:48:26 +0700
Served asset /active_admin/components/jquery.aa.dropdown-menu.js - 304 Not Modified (3ms)


Started GET "/assets/active_admin/components/jquery.aa.popover.js?body=1" for 127.0.0.1 at 2013-04-23 09:48:26 +0700
Served asset /active_admin/components/jquery.aa.popover.js - 304 Not Modified (3ms)


Started GET "/assets/active_admin/components/jquery.aa.table-checkbox-toggler.js?body=1" for 127.0.0.1 at 2013-04-23 09:48:26 +0700
Served asset /active_admin/components/jquery.aa.table-checkbox-toggler.js - 304 Not Modified (2ms)


Started GET "/assets/active_admin/pages/application.js?body=1" for 127.0.0.1 at 2013-04-23 09:48:26 +0700
Served asset /active_admin/pages/application.js - 304 Not Modified (8ms)


Started GET "/assets/active_admin/pages/batch_actions.js?body=1" for 127.0.0.1 at 2013-04-23 09:48:26 +0700
Served asset /active_admin/pages/batch_actions.js - 304 Not Modified (3ms)


Started GET "/assets/active_admin/application.js?body=1" for 127.0.0.1 at 2013-04-23 09:48:26 +0700
Served asset /active_admin/application.js - 304 Not Modified (12ms)


Started GET "/assets/active_admin/base.js?body=1" for 127.0.0.1 at 2013-04-23 09:48:26 +0700
Served asset /active_admin/base.js - 304 Not Modified (17ms)


Started GET "/assets/active_admin.js?body=1" for 127.0.0.1 at 2013-04-23 09:48:26 +0700
Served asset /active_admin.js - 304 Not Modified (19ms)


Started GET "/assets/microposts.js?body=1" for 127.0.0.1 at 2013-04-23 09:48:26 +0700
Served asset /microposts.js - 304 Not Modified (2ms)


Started GET "/assets/users.js?body=1" for 127.0.0.1 at 2013-04-23 09:48:26 +0700
Served asset /users.js - 304 Not Modified (1ms)


Started GET "/assets/application.js?body=1" for 127.0.0.1 at 2013-04-23 09:48:26 +0700
Served asset /application.js - 304 Not Modified (66ms)
